1751913922.669015 client started (92122): version 3.5a, socket /tmp/tmux-1000/default, protocol 8
1751913922.669036 on Linux 6.14.0-63.fc42.x86_64 #1 SMP PREEMPT_DYNAMIC Mon Mar 24 19:53:37 UTC 2025
1751913922.669039 using libevent 2.1.12-stable poll
1751913922.669041 using ncurses 6.5 20240629
1751913922.669051 flags are 0x18010000
1751913922.669059 socket is /tmp/tmux-1000/default
1751913922.669071 trying connect
1751913922.669082 connect failed: Connection refused
1751913922.669088 lock file is /tmp/tmux-1000/default.lock
1751913922.669105 flock succeeded
1751913922.669107 got lock (6)
1751913922.669111 trying connect
1751913922.669116 connect failed: Connection refused
1751913922.669279 add peer 0x55d117bd1dc0: 7 ((nil))
1751913922.669545 sending message 111 to peer 0x55d117bd1dc0 (8 bytes)
1751913922.669549 sending message 111 to peer 0x55d117bd1dc0 (8 bytes)
1751913922.669551 sending message 101 to peer 0x55d117bd1dc0 (10 bytes)
1751913922.669552 sending message 109 to peer 0x55d117bd1dc0 (4 bytes)
1751913922.669554 sending message 102 to peer 0x55d117bd1dc0 (11 bytes)
1751913922.669555 sending message 108 to peer 0x55d117bd1dc0 (24 bytes)
1751913922.669557 sending message 112 to peer 0x55d117bd1dc0 (58 bytes)
1751913922.669559 sending message 112 to peer 0x55d117bd1dc0 (5 bytes)
1751913922.669560 sending message 112 to peer 0x55d117bd1dc0 (5 bytes)
1751913922.669562 sending message 112 to peer 0x55d117bd1dc0 (6 bytes)
1751913922.669563 sending message 112 to peer 0x55d117bd1dc0 (6 bytes)
1751913922.669565 sending message 112 to peer 0x55d117bd1dc0 (11 bytes)
1751913922.669566 sending message 112 to peer 0x55d117bd1dc0 (10 bytes)
1751913922.669568 sending message 112 to peer 0x55d117bd1dc0 (13 bytes)
1751913922.669569 sending message 112 to peer 0x55d117bd1dc0 (14 bytes)
1751913922.669571 sending message 112 to peer 0x55d117bd1dc0 (19 bytes)
1751913922.669572 sending message 112 to peer 0x55d117bd1dc0 (11 bytes)
1751913922.669574 sending message 112 to peer 0x55d117bd1dc0 (10 bytes)
1751913922.669575 sending message 112 to peer 0x55d117bd1dc0 (15 bytes)
1751913922.669577 sending message 112 to peer 0x55d117bd1dc0 (21 bytes)
1751913922.669578 sending message 112 to peer 0x55d117bd1dc0 (13 bytes)
1751913922.669580 sending message 112 to peer 0x55d117bd1dc0 (7 bytes)
1751913922.669581 sending message 112 to peer 0x55d117bd1dc0 (13 bytes)
1751913922.669583 sending message 112 to peer 0x55d117bd1dc0 (7 bytes)
1751913922.669587 sending message 112 to peer 0x55d117bd1dc0 (13 bytes)
1751913922.669588 sending message 112 to peer 0x55d117bd1dc0 (9 bytes)
1751913922.669590 sending message 112 to peer 0x55d117bd1dc0 (21 bytes)
1751913922.669591 sending message 112 to peer 0x55d117bd1dc0 (13 bytes)
1751913922.669593 sending message 112 to peer 0x55d117bd1dc0 (9 bytes)
1751913922.669594 sending message 112 to peer 0x55d117bd1dc0 (16 bytes)
1751913922.669596 sending message 112 to peer 0x55d117bd1dc0 (13 bytes)
1751913922.669597 sending message 112 to peer 0x55d117bd1dc0 (9 bytes)
1751913922.669599 sending message 112 to peer 0x55d117bd1dc0 (9 bytes)
1751913922.669600 sending message 112 to peer 0x55d117bd1dc0 (12 bytes)
1751913922.669602 sending message 112 to peer 0x55d117bd1dc0 (8 bytes)
1751913922.669603 sending message 112 to peer 0x55d117bd1dc0 (8 bytes)
1751913922.669605 sending message 112 to peer 0x55d117bd1dc0 (13 bytes)
1751913922.669606 sending message 112 to peer 0x55d117bd1dc0 (7 bytes)
1751913922.669608 sending message 112 to peer 0x55d117bd1dc0 (7 bytes)
1751913922.669609 sending message 112 to peer 0x55d117bd1dc0 (9 bytes)
1751913922.669611 sending message 112 to peer 0x55d117bd1dc0 (6 bytes)
1751913922.669612 sending message 112 to peer 0x55d117bd1dc0 (9 bytes)
1751913922.669614 sending message 112 to peer 0x55d117bd1dc0 (15 bytes)
1751913922.669615 sending message 112 to peer 0x55d117bd1dc0 (13 bytes)
1751913922.669617 sending message 112 to peer 0x55d117bd1dc0 (12 bytes)
1751913922.669618 sending message 112 to peer 0x55d117bd1dc0 (8 bytes)
1751913922.669620 sending message 112 to peer 0x55d117bd1dc0 (14 bytes)
1751913922.669625 sending message 112 to peer 0x55d117bd1dc0 (11 bytes)
1751913922.669627 sending message 112 to peer 0x55d117bd1dc0 (9 bytes)
1751913922.669629 sending message 112 to peer 0x55d117bd1dc0 (10 bytes)
1751913922.669630 sending message 112 to peer 0x55d117bd1dc0 (10 bytes)
1751913922.669632 sending message 112 to peer 0x55d117bd1dc0 (10 bytes)
1751913922.669633 sending message 112 to peer 0x55d117bd1dc0 (10 bytes)
1751913922.669635 sending message 112 to peer 0x55d117bd1dc0 (11 bytes)
1751913922.669636 sending message 112 to peer 0x55d117bd1dc0 (12 bytes)
1751913922.669638 sending message 112 to peer 0x55d117bd1dc0 (12 bytes)
1751913922.669639 sending message 112 to peer 0x55d117bd1dc0 (12 bytes)
1751913922.669641 sending message 112 to peer 0x55d117bd1dc0 (12 bytes)
1751913922.669642 sending message 112 to peer 0x55d117bd1dc0 (12 bytes)
1751913922.669644 sending message 112 to peer 0x55d117bd1dc0 (11 bytes)
1751913922.669645 sending message 112 to peer 0x55d117bd1dc0 (11 bytes)
1751913922.669647 sending message 112 to peer 0x55d117bd1dc0 (12 bytes)
1751913922.669648 sending message 112 to peer 0x55d117bd1dc0 (12 bytes)
1751913922.669650 sending message 112 to peer 0x55d117bd1dc0 (12 bytes)
1751913922.669651 sending message 112 to peer 0x55d117bd1dc0 (12 bytes)
1751913922.669653 sending message 112 to peer 0x55d117bd1dc0 (12 bytes)
1751913922.669654 sending message 112 to peer 0x55d117bd1dc0 (9 bytes)
1751913922.669656 sending message 112 to peer 0x55d117bd1dc0 (12 bytes)
1751913922.669657 sending message 112 to peer 0x55d117bd1dc0 (13 bytes)
1751913922.669659 sending message 112 to peer 0x55d117bd1dc0 (13 bytes)
1751913922.669660 sending message 112 to peer 0x55d117bd1dc0 (13 bytes)
1751913922.669662 sending message 112 to peer 0x55d117bd1dc0 (13 bytes)
1751913922.669663 sending message 112 to peer 0x55d117bd1dc0 (13 bytes)
1751913922.669665 sending message 112 to peer 0x55d117bd1dc0 (8 bytes)
1751913922.669667 sending message 112 to peer 0x55d117bd1dc0 (11 bytes)
1751913922.669668 sending message 112 to peer 0x55d117bd1dc0 (11 bytes)
1751913922.669670 sending message 112 to peer 0x55d117bd1dc0 (11 bytes)
1751913922.669671 sending message 112 to peer 0x55d117bd1dc0 (12 bytes)
1751913922.669673 sending message 112 to peer 0x55d117bd1dc0 (12 bytes)
1751913922.669674 sending message 112 to peer 0x55d117bd1dc0 (12 bytes)
1751913922.669676 sending message 112 to peer 0x55d117bd1dc0 (12 bytes)
1751913922.669677 sending message 112 to peer 0x55d117bd1dc0 (13 bytes)
1751913922.669679 sending message 112 to peer 0x55d117bd1dc0 (13 bytes)
1751913922.669680 sending message 112 to peer 0x55d117bd1dc0 (13 bytes)
1751913922.669682 sending message 112 to peer 0x55d117bd1dc0 (8 bytes)
1751913922.669683 sending message 112 to peer 0x55d117bd1dc0 (13 bytes)
1751913922.669685 sending message 112 to peer 0x55d117bd1dc0 (13 bytes)
1751913922.669686 sending message 112 to peer 0x55d117bd1dc0 (13 bytes)
1751913922.669688 sending message 112 to peer 0x55d117bd1dc0 (13 bytes)
1751913922.669689 sending message 112 to peer 0x55d117bd1dc0 (13 bytes)
1751913922.669691 sending message 112 to peer 0x55d117bd1dc0 (12 bytes)
1751913922.669692 sending message 112 to peer 0x55d117bd1dc0 (12 bytes)
1751913922.669694 sending message 112 to peer 0x55d117bd1dc0 (12 bytes)
1751913922.669695 sending message 112 to peer 0x55d117bd1dc0 (12 bytes)
1751913922.669697 sending message 112 to peer 0x55d117bd1dc0 (13 bytes)
1751913922.669698 sending message 112 to peer 0x55d117bd1dc0 (8 bytes)
1751913922.669700 sending message 112 to peer 0x55d117bd1dc0 (13 bytes)
1751913922.669701 sending message 112 to peer 0x55d117bd1dc0 (13 bytes)
1751913922.669703 sending message 112 to peer 0x55d117bd1dc0 (13 bytes)
1751913922.669704 sending message 112 to peer 0x55d117bd1dc0 (13 bytes)
1751913922.669706 sending message 112 to peer 0x55d117bd1dc0 (13 bytes)
1751913922.669707 sending message 112 to peer 0x55d117bd1dc0 (13 bytes)
1751913922.669709 sending message 112 to peer 0x55d117bd1dc0 (13 bytes)
1751913922.669710 sending message 112 to peer 0x55d117bd1dc0 (12 bytes)
1751913922.669714 sending message 112 to peer 0x55d117bd1dc0 (12 bytes)
1751913922.669715 sending message 112 to peer 0x55d117bd1dc0 (12 bytes)
1751913922.669717 sending message 112 to peer 0x55d117bd1dc0 (8 bytes)
1751913922.669718 sending message 112 to peer 0x55d117bd1dc0 (12 bytes)
1751913922.669720 sending message 112 to peer 0x55d117bd1dc0 (13 bytes)
1751913922.669722 sending message 112 to peer 0x55d117bd1dc0 (13 bytes)
1751913922.669723 sending message 112 to peer 0x55d117bd1dc0 (13 bytes)
1751913922.669725 sending message 112 to peer 0x55d117bd1dc0 (13 bytes)
1751913922.669726 sending message 112 to peer 0x55d117bd1dc0 (13 bytes)
1751913922.669728 sending message 112 to peer 0x55d117bd1dc0 (13 bytes)
1751913922.669729 sending message 112 to peer 0x55d117bd1dc0 (13 bytes)
1751913922.669731 sending message 112 to peer 0x55d117bd1dc0 (13 bytes)
1751913922.669732 sending message 112 to peer 0x55d117bd1dc0 (12 bytes)
1751913922.669734 sending message 112 to peer 0x55d117bd1dc0 (10 bytes)
1751913922.669735 sending message 112 to peer 0x55d117bd1dc0 (12 bytes)
1751913922.669737 sending message 112 to peer 0x55d117bd1dc0 (12 bytes)
1751913922.669738 sending message 112 to peer 0x55d117bd1dc0 (12 bytes)
1751913922.669740 sending message 112 to peer 0x55d117bd1dc0 (13 bytes)
1751913922.669741 sending message 112 to peer 0x55d117bd1dc0 (13 bytes)
1751913922.669743 sending message 112 to peer 0x55d117bd1dc0 (13 bytes)
1751913922.669744 sending message 112 to peer 0x55d117bd1dc0 (13 bytes)
1751913922.669746 sending message 112 to peer 0x55d117bd1dc0 (13 bytes)
1751913922.669747 sending message 112 to peer 0x55d117bd1dc0 (13 bytes)
1751913922.669749 sending message 112 to peer 0x55d117bd1dc0 (13 bytes)
1751913922.669750 sending message 112 to peer 0x55d117bd1dc0 (10 bytes)
1751913922.669752 sending message 112 to peer 0x55d117bd1dc0 (13 bytes)
1751913922.669753 sending message 112 to peer 0x55d117bd1dc0 (12 bytes)
1751913922.669755 sending message 112 to peer 0x55d117bd1dc0 (12 bytes)
1751913922.669757 sending message 112 to peer 0x55d117bd1dc0 (12 bytes)
1751913922.669758 sending message 112 to peer 0x55d117bd1dc0 (10 bytes)
1751913922.669759 sending message 112 to peer 0x55d117bd1dc0 (10 bytes)
1751913922.669761 sending message 112 to peer 0x55d117bd1dc0 (10 bytes)
1751913922.669762 sending message 112 to peer 0x55d117bd1dc0 (12 bytes)
1751913922.669782 sending message 112 to peer 0x55d117bd1dc0 (13 bytes)
1751913922.669786 sending message 112 to peer 0x55d117bd1dc0 (13 bytes)
1751913922.669789 sending message 112 to peer 0x55d117bd1dc0 (13 bytes)
1751913922.669790 sending message 112 to peer 0x55d117bd1dc0 (13 bytes)
1751913922.669792 sending message 112 to peer 0x55d117bd1dc0 (13 bytes)
1751913922.669793 sending message 112 to peer 0x55d117bd1dc0 (10 bytes)
1751913922.669795 sending message 112 to peer 0x55d117bd1dc0 (11 bytes)
1751913922.669796 sending message 112 to peer 0x55d117bd1dc0 (12 bytes)
1751913922.669798 sending message 112 to peer 0x55d117bd1dc0 (12 bytes)
1751913922.669799 sending message 112 to peer 0x55d117bd1dc0 (12 bytes)
1751913922.669801 sending message 112 to peer 0x55d117bd1dc0 (12 bytes)
1751913922.669802 sending message 112 to peer 0x55d117bd1dc0 (12 bytes)
1751913922.669804 sending message 112 to peer 0x55d117bd1dc0 (11 bytes)
1751913922.669805 sending message 112 to peer 0x55d117bd1dc0 (12 bytes)
1751913922.669807 sending message 112 to peer 0x55d117bd1dc0 (12 bytes)
1751913922.669808 sending message 112 to peer 0x55d117bd1dc0 (13 bytes)
1751913922.669810 sending message 112 to peer 0x55d117bd1dc0 (13 bytes)
1751913922.669811 sending message 112 to peer 0x55d117bd1dc0 (13 bytes)
1751913922.669813 sending message 112 to peer 0x55d117bd1dc0 (13 bytes)
1751913922.669814 sending message 112 to peer 0x55d117bd1dc0 (13 bytes)
1751913922.669816 sending message 112 to peer 0x55d117bd1dc0 (10 bytes)
1751913922.669817 sending message 112 to peer 0x55d117bd1dc0 (9 bytes)
1751913922.669819 sending message 112 to peer 0x55d117bd1dc0 (12 bytes)
1751913922.669820 sending message 112 to peer 0x55d117bd1dc0 (13 bytes)
1751913922.669824 sending message 112 to peer 0x55d117bd1dc0 (13 bytes)
1751913922.669826 sending message 112 to peer 0x55d117bd1dc0 (13 bytes)
1751913922.669828 sending message 112 to peer 0x55d117bd1dc0 (13 bytes)
1751913922.669829 sending message 112 to peer 0x55d117bd1dc0 (13 bytes)
1751913922.669831 sending message 112 to peer 0x55d117bd1dc0 (9 bytes)
1751913922.669832 sending message 112 to peer 0x55d117bd1dc0 (12 bytes)
1751913922.669834 sending message 112 to peer 0x55d117bd1dc0 (13 bytes)
1751913922.669835 sending message 112 to peer 0x55d117bd1dc0 (13 bytes)
1751913922.669837 sending message 112 to peer 0x55d117bd1dc0 (13 bytes)
1751913922.669838 sending message 112 to peer 0x55d117bd1dc0 (13 bytes)
1751913922.669840 sending message 112 to peer 0x55d117bd1dc0 (13 bytes)
1751913922.669841 sending message 112 to peer 0x55d117bd1dc0 (11 bytes)
1751913922.669843 sending message 112 to peer 0x55d117bd1dc0 (12 bytes)
1751913922.669844 sending message 112 to peer 0x55d117bd1dc0 (13 bytes)
1751913922.669846 sending message 112 to peer 0x55d117bd1dc0 (13 bytes)
1751913922.669847 sending message 112 to peer 0x55d117bd1dc0 (13 bytes)
1751913922.669849 sending message 112 to peer 0x55d117bd1dc0 (13 bytes)
1751913922.669850 sending message 112 to peer 0x55d117bd1dc0 (13 bytes)
1751913922.669852 sending message 112 to peer 0x55d117bd1dc0 (11 bytes)
1751913922.669853 sending message 112 to peer 0x55d117bd1dc0 (12 bytes)
1751913922.669855 sending message 112 to peer 0x55d117bd1dc0 (12 bytes)
1751913922.669856 sending message 112 to peer 0x55d117bd1dc0 (12 bytes)
1751913922.669858 sending message 112 to peer 0x55d117bd1dc0 (12 bytes)
1751913922.669859 sending message 112 to peer 0x55d117bd1dc0 (12 bytes)
1751913922.669861 sending message 112 to peer 0x55d117bd1dc0 (21 bytes)
1751913922.669862 sending message 112 to peer 0x55d117bd1dc0 (12 bytes)
1751913922.669864 sending message 112 to peer 0x55d117bd1dc0 (9 bytes)
1751913922.669865 sending message 112 to peer 0x55d117bd1dc0 (6 bytes)
1751913922.669867 sending message 112 to peer 0x55d117bd1dc0 (13 bytes)
1751913922.669868 sending message 112 to peer 0x55d117bd1dc0 (10 bytes)
1751913922.669870 sending message 112 to peer 0x55d117bd1dc0 (24 bytes)
1751913922.669872 sending message 112 to peer 0x55d117bd1dc0 (13 bytes)
1751913922.669873 sending message 112 to peer 0x55d117bd1dc0 (9 bytes)
1751913922.669875 sending message 112 to peer 0x55d117bd1dc0 (70 bytes)
1751913922.669877 sending message 112 to peer 0x55d117bd1dc0 (69 bytes)
1751913922.669878 sending message 112 to peer 0x55d117bd1dc0 (12 bytes)
1751913922.669880 sending message 112 to peer 0x55d117bd1dc0 (10 bytes)
1751913922.669881 sending message 112 to peer 0x55d117bd1dc0 (10 bytes)
1751913922.669883 sending message 112 to peer 0x55d117bd1dc0 (24 bytes)
1751913922.669884 sending message 112 to peer 0x55d117bd1dc0 (13 bytes)
1751913922.669886 sending message 112 to peer 0x55d117bd1dc0 (10 bytes)
1751913922.669888 sending message 112 to peer 0x55d117bd1dc0 (10 bytes)
1751913922.669889 sending message 112 to peer 0x55d117bd1dc0 (17 bytes)
1751913922.669891 sending message 112 to peer 0x55d117bd1dc0 (10 bytes)
1751913922.669892 sending message 112 to peer 0x55d117bd1dc0 (13 bytes)
1751913922.669894 sending message 112 to peer 0x55d117bd1dc0 (9 bytes)
1751913922.669895 sending message 112 to peer 0x55d117bd1dc0 (15 bytes)
1751913922.669897 sending message 112 to peer 0x55d117bd1dc0 (5 bytes)
1751913922.669899 sending message 104 to peer 0x55d117bd1dc0 (0 bytes)
1751913922.669901 sending message 110 to peer 0x55d117bd1dc0 (0 bytes)
1751913922.669903 sending message 107 to peer 0x55d117bd1dc0 (4 bytes)
1751913922.669904 sending message 105 to peer 0x55d117bd1dc0 (36 bytes)
1751913922.669906 sending message 105 to peer 0x55d117bd1dc0 (12 bytes)
1751913922.669908 sending message 105 to peer 0x55d117bd1dc0 (17 bytes)
1751913922.669909 sending message 105 to peer 0x55d117bd1dc0 (19 bytes)
1751913922.669911 sending message 105 to peer 0x55d117bd1dc0 (13 bytes)
1751913922.669912 sending message 105 to peer 0x55d117bd1dc0 (45 bytes)
1751913922.669916 sending message 105 to peer 0x55d117bd1dc0 (41 bytes)
1751913922.669917 sending message 105 to peer 0x55d117bd1dc0 (27 bytes)
1751913922.669919 sending message 105 to peer 0x55d117bd1dc0 (20 bytes)
1751913922.669921 sending message 105 to peer 0x55d117bd1dc0 (20 bytes)
1751913922.669922 sending message 105 to peer 0x55d117bd1dc0 (56 bytes)
1751913922.669924 sending message 105 to peer 0x55d117bd1dc0 (42 bytes)
1751913922.669926 sending message 105 to peer 0x55d117bd1dc0 (54 bytes)
1751913922.669927 sending message 105 to peer 0x55d117bd1dc0 (15 bytes)
1751913922.669929 sending message 105 to peer 0x55d117bd1dc0 (20 bytes)
1751913922.669931 sending message 105 to peer 0x55d117bd1dc0 (148 bytes)
1751913922.669932 sending message 105 to peer 0x55d117bd1dc0 (1612 bytes)
1751913922.669942 sending message 105 to peer 0x55d117bd1dc0 (11 bytes)
1751913922.669944 sending message 105 to peer 0x55d117bd1dc0 (13 bytes)
1751913922.669945 sending message 105 to peer 0x55d117bd1dc0 (11 bytes)
1751913922.669947 sending message 105 to peer 0x55d117bd1dc0 (25 bytes)
1751913922.669948 sending message 105 to peer 0x55d117bd1dc0 (28 bytes)
1751913922.669950 sending message 105 to peer 0x55d117bd1dc0 (23 bytes)
1751913922.669951 sending message 105 to peer 0x55d117bd1dc0 (32 bytes)
1751913922.669953 sending message 105 to peer 0x55d117bd1dc0 (23 bytes)
1751913922.669955 sending message 105 to peer 0x55d117bd1dc0 (59 bytes)
1751913922.669956 sending message 105 to peer 0x55d117bd1dc0 (40 bytes)
1751913922.669958 sending message 105 to peer 0x55d117bd1dc0 (71 bytes)
1751913922.669959 sending message 105 to peer 0x55d117bd1dc0 (18 bytes)
1751913922.669961 sending message 105 to peer 0x55d117bd1dc0 (18 bytes)
1751913922.669963 sending message 105 to peer 0x55d117bd1dc0 (54 bytes)
1751913922.669964 sending message 105 to peer 0x55d117bd1dc0 (15 bytes)
1751913922.669966 sending message 105 to peer 0x55d117bd1dc0 (39 bytes)
1751913922.669968 sending message 105 to peer 0x55d117bd1dc0 (20 bytes)
1751913922.669969 sending message 105 to peer 0x55d117bd1dc0 (23 bytes)
1751913922.669971 sending message 105 to peer 0x55d117bd1dc0 (29 bytes)
1751913922.669972 sending message 105 to peer 0x55d117bd1dc0 (30 bytes)
1751913922.669974 sending message 105 to peer 0x55d117bd1dc0 (18 bytes)
1751913922.669975 sending message 105 to peer 0x55d117bd1dc0 (14 bytes)
1751913922.669977 sending message 105 to peer 0x55d117bd1dc0 (21 bytes)
1751913922.669979 sending message 105 to peer 0x55d117bd1dc0 (39 bytes)
1751913922.669980 sending message 105 to peer 0x55d117bd1dc0 (17 bytes)
1751913922.669982 sending message 105 to peer 0x55d117bd1dc0 (8 bytes)
1751913922.669983 sending message 105 to peer 0x55d117bd1dc0 (48 bytes)
1751913922.669985 sending message 105 to peer 0x55d117bd1dc0 (73 bytes)
1751913922.669986 sending message 105 to peer 0x55d117bd1dc0 (21 bytes)
1751913922.669988 sending message 105 to peer 0x55d117bd1dc0 (17 bytes)
1751913922.669989 sending message 105 to peer 0x55d117bd1dc0 (43 bytes)
1751913922.669991 sending message 105 to peer 0x55d117bd1dc0 (31 bytes)
1751913922.669992 sending message 105 to peer 0x55d117bd1dc0 (14 bytes)
1751913922.669994 sending message 106 to peer 0x55d117bd1dc0 (0 bytes)
1751913922.670027 sending message 200 to peer 0x55d117bd1dc0 (4 bytes)
1751913922.670029 client loop enter
1751913922.670039 client_signal: Child exited
1751913923.078362 peer 0x55d117bd1dc0 message 207
1751913923.078372 sending message 208 to peer 0x55d117bd1dc0 (0 bytes)
1751913927.673210 peer 0x55d117bd1dc0 message 203
1751913927.673225 sending message 205 to peer 0x55d117bd1dc0 (0 bytes)
1751913927.673582 peer 0x55d117bd1dc0 message 204
1751913927.673589 client loop exit
